app/build/intermediates/manifest_merge_blame_file/debug/manifest-merger-blame-debug-report.txt
1<?xml version="1.0" encoding="utf-8"?>
2<manifest xmlns:android="http://schemas.android.com/apk/res/android"
3    package="com.mycompany.app"
4    android:installLocation="auto"
5    android:versionCode="1"
6    android:versionName="1.0" >
7
8    <uses-sdk
9        android:minSdkVersion="15"
9-->src/main/AndroidManifest.xml
10        android:targetSdkVersion="33" />
10-->src/main/AndroidManifest.xml
11
12    <uses-feature
12-->[:Corona:] AndroidManifest.xml:7:5-9:35
13        android:glEsVersion="0x00020000"
13-->[:Corona:] AndroidManifest.xml:8:9-41
14        android:required="true" />
14-->[:Corona:] AndroidManifest.xml:9:9-32
15
16    <queries>
16-->[:Corona:] AndroidManifest.xml:11:5-31:15
17        <intent>
17-->[:Corona:] AndroidManifest.xml:12:9-16:18
18            <action android:name="android.intent.action.VIEW" />
18-->[:Corona:] AndroidManifest.xml:13:13-65
18-->[:Corona:] AndroidManifest.xml:13:21-62
19
20            <data android:scheme="https" />
20-->[:Corona:] AndroidManifest.xml:15:13-44
20-->[:Corona:] AndroidManifest.xml:15:19-41
21        </intent>
22
23        <!-- Needed for checking for Camera Intent in Android 11 -->
24        <intent>
24-->[:Corona:] AndroidManifest.xml:19:9-21:18
25            <action android:name="android.media.action.IMAGE_CAPTURE" />
25-->[:Corona:] AndroidManifest.xml:20:13-73
25-->[:Corona:] AndroidManifest.xml:20:21-70
26        </intent>
27        <intent>
27-->[:Corona:] AndroidManifest.xml:22:9-24:18
28            <action android:name="android.media.action.VIDEO_CAPTURE" />
28-->[:Corona:] AndroidManifest.xml:23:13-73
28-->[:Corona:] AndroidManifest.xml:23:21-70
29        </intent>
30        <!-- Needed for checking for Image Picker Intent in Android 11 -->
31        <intent>
31-->[:Corona:] AndroidManifest.xml:26:9-30:18
32            <action android:name="android.intent.action.GET_CONTENT" />
32-->[:Corona:] AndroidManifest.xml:27:13-72
32-->[:Corona:] AndroidManifest.xml:27:21-69
33
34            <data android:mimeType="image/*" />
34-->[:Corona:] AndroidManifest.xml:15:13-44
35        </intent>
36    </queries>
37<!--     This manifest is usually generated by setUpCoronaAppAndPlugins task. -->
38    <application
38-->src/main/AndroidManifest.xml:8:5-11:8
39        android:name="com.mycompany.app.CoronaApplication"
39-->src/main/AndroidManifest.xml:9:6-38
40        android:debuggable="true"
41        android:enableOnBackInvokedCallback="false"
41-->[:Corona:] AndroidManifest.xml:35:9-52
42        android:hardwareAccelerated="true"
42-->[:Corona:] AndroidManifest.xml:36:9-43
43        android:icon="@mipmap/ic_launcher"
43-->[:Corona:] AndroidManifest.xml:37:9-43
44        android:label="Corona App"
44-->src/main/AndroidManifest.xml:8:18-44
45        android:testOnly="true" >
46        <uses-library
46-->[:Corona:] AndroidManifest.xml:38:9-40:40
47            android:name="org.apache.http.legacy"
47-->[:Corona:] AndroidManifest.xml:39:13-50
48            android:required="false" />
48-->[:Corona:] AndroidManifest.xml:40:13-37
49
50        <activity
50-->[:Corona:] AndroidManifest.xml:42:9-52:20
51            android:name="com.ansca.corona.CoronaActivity"
51-->[:Corona:] AndroidManifest.xml:43:13-59
52            android:configChanges="keyboard|keyboardHidden|navigation|screenSize|orientation"
52-->[:Corona:] AndroidManifest.xml:44:13-94
53            android:exported="true"
53-->[:Corona:] AndroidManifest.xml:45:13-36
54            android:icon="@mipmap/ic_launcher" >
54-->[:Corona:] AndroidManifest.xml:46:13-47
55            <intent-filter>
55-->[:Corona:] AndroidManifest.xml:47:13-51:29
56                <action android:name="android.intent.action.MAIN" />
56-->[:Corona:] AndroidManifest.xml:48:17-69
56-->[:Corona:] AndroidManifest.xml:48:25-66
57
58                <category android:name="android.intent.category.LAUNCHER" />
58-->[:Corona:] AndroidManifest.xml:50:17-77
58-->[:Corona:] AndroidManifest.xml:50:27-74
59            </intent-filter>
60        </activity>
61        <activity
61-->[:Corona:] AndroidManifest.xml:53:9-57:74
62            android:name="com.ansca.corona.CameraActivity"
62-->[:Corona:] AndroidManifest.xml:54:13-59
63            android:configChanges="keyboardHidden|orientation"
63-->[:Corona:] AndroidManifest.xml:55:13-63
64            android:screenOrientation="portrait"
64-->[:Corona:] AndroidManifest.xml:56:13-49
65            android:theme="@android:style/Theme.NoTitleBar.Fullscreen" />
65-->[:Corona:] AndroidManifest.xml:57:13-71
66        <activity
66-->[:Corona:] AndroidManifest.xml:58:9-61:74
67            android:name="com.ansca.corona.VideoActivity"
67-->[:Corona:] AndroidManifest.xml:59:13-58
68            android:configChanges="keyboardHidden|orientation"
68-->[:Corona:] AndroidManifest.xml:60:13-63
69            android:theme="@android:style/Theme.NoTitleBar.Fullscreen" />
69-->[:Corona:] AndroidManifest.xml:61:13-71
70        <activity
70-->[:Corona:] AndroidManifest.xml:62:9-65:74
71            android:name="com.ansca.corona.purchasing.StoreActivity"
71-->[:Corona:] AndroidManifest.xml:63:13-69
72            android:configChanges="keyboardHidden|screenSize|orientation"
72-->[:Corona:] AndroidManifest.xml:64:13-74
73            android:theme="@android:style/Theme.NoTitleBar.Fullscreen" />
73-->[:Corona:] AndroidManifest.xml:65:13-71
74        <activity
74-->[:Corona:] AndroidManifest.xml:66:9-72:74
75            android:name="com.ansca.corona.notifications.OnNotificationReceiverActivity"
75-->[:Corona:] AndroidManifest.xml:67:13-89
76            android:excludeFromRecents="true"
76-->[:Corona:] AndroidManifest.xml:68:13-46
77            android:exported="true"
77-->[:Corona:] AndroidManifest.xml:69:13-36
78            android:noHistory="true"
78-->[:Corona:] AndroidManifest.xml:70:13-37
79            android:taskAffinity=""
79-->[:Corona:] AndroidManifest.xml:71:13-36
80            android:theme="@android:style/Theme.NoTitleBar.Fullscreen" />
80-->[:Corona:] AndroidManifest.xml:72:13-71
81
82        <provider
82-->[:Corona:] AndroidManifest.xml:74:9-78:20
83            android:name="com.ansca.corona.storage.FileContentProvider"
83-->[:Corona:] AndroidManifest.xml:75:13-72
84            android:authorities="com.mycompany.app.files"
84-->[:Corona:] AndroidManifest.xml:76:13-57
85            android:exported="true" >
85-->[:Corona:] AndroidManifest.xml:77:13-36
86        </provider>
87        <provider
87-->[:Corona:] AndroidManifest.xml:79:9-87:20
88            android:name="com.ansca.corona.camera.FileProvider"
88-->[:Corona:] AndroidManifest.xml:80:13-64
89            android:authorities="com.mycompany.app.photos"
89-->[:Corona:] AndroidManifest.xml:81:13-58
90            android:exported="false"
90-->[:Corona:] AndroidManifest.xml:82:13-37
91            android:grantUriPermissions="true" >
91-->[:Corona:] AndroidManifest.xml:83:13-47
92            <meta-data
92-->[:Corona:] AndroidManifest.xml:84:13-86:54
93                android:name="android.support.FILE_PROVIDER_PATHS"
93-->[:Corona:] AndroidManifest.xml:85:17-67
94                android:resource="@xml/file_paths" />
94-->[:Corona:] AndroidManifest.xml:86:17-51
95        </provider> <!-- Corona service used to perform background operations such as managing notifications. -->
96        <service android:name="com.ansca.corona.CoronaService" />
96-->[:Corona:] AndroidManifest.xml:90:9-66
96-->[:Corona:] AndroidManifest.xml:90:18-63
97        <!--
98         Receiver which automatically starts this application after the Android device starts up.
99         This is needed to show this application's active status bar notifications and reschedule pending
100         notifications after the device boots up, because they will only be shown if the app is running.
101         This receiver only works if the "android.permission.RECEIVE_BOOT_COMPLETED" permission has been set.
102        -->
103        <receiver
103-->[:Corona:] AndroidManifest.xml:98:9-104:20
104            android:name="com.ansca.corona.SystemStartupBroadcastReceiver"
104-->[:Corona:] AndroidManifest.xml:99:13-75
105            android:exported="false" >
105-->[:Corona:] AndroidManifest.xml:100:13-37
106            <intent-filter>
106-->[:Corona:] AndroidManifest.xml:101:13-103:29
107                <action android:name="android.intent.action.BOOT_COMPLETED" />
107-->[:Corona:] AndroidManifest.xml:102:17-79
107-->[:Corona:] AndroidManifest.xml:102:25-76
108            </intent-filter>
109        </receiver> <!-- Handles local/scheduled notification events. -->
110        <receiver android:name="com.ansca.corona.notifications.AlarmManagerBroadcastReceiver" />
110-->[:Corona:] AndroidManifest.xml:107:9-97
110-->[:Corona:] AndroidManifest.xml:107:19-94
111        <receiver android:name="com.ansca.corona.notifications.StatusBarBroadcastReceiver" />
111-->[:Corona:] AndroidManifest.xml:108:9-94
111-->[:Corona:] AndroidManifest.xml:108:19-91
112    </application>
113
114</manifest>